
{"level":"info","message":"Server started on port 3000"}
{"level":"info","message":"Connected to MongoDB..."}
{"level":"info","message":"Server started on port 3000"}
{"level":"info","message":"Connected to MongoDB..."}
{"level":"info","message":"Server started on port 3000"}
{"level":"info","message":"Connected to MongoDB..."}
{"level":"info","message":"Server started on port 3000"}
{"level":"info","message":"Connected to MongoDB..."}
{ message: 'Server started on port 3000', level: 'info' }
{ message: 'Connected to MongoDB...', level: 'info' }
{ message: 'Server started on port 3000', level: 'info' }
{ message: 'Connected to MongoDB...', level: 'info' }
{ message: 'Server started on port 3000', level: 'info' }
{ message: 'Connected to MongoDB...', level: 'info' }
{ message: 'Server started on port 3000', level: 'info' }
{ message: 'Connected to MongoDB...', level: 'info' }
{ message: 'Server started on port 3000', level: 'info' }
{ message: 'Connected to MongoDB...', level: 'info' }
{ message: 'Server started on port 3000', level: 'info' }
{ message: 'Connected to MongoDB...', level: 'info' }
{ message: 'Server started on port 3000', level: 'info' }
{ message: 'Connected to MongoDB...', level: 'info' }
{
  error: Error: FATAL ERROR: jwtPrivateKey is not defined
      at startupConfig (file:///D:/NodeProjects/vidly/startup/config.js:7:15)
      at file:///D:/NodeProjects/vidly/index.js:12:1
      at ModuleJob.run (node:internal/modules/esm/module_job:271:25)
      at async onImport.tracePromise.__proto__ (node:internal/modules/esm/loader:578:26)
      at async asyncRunEntryPointWithESMLoader (node:internal/modules/run_main:116:5),
  level: 'error',
  message: 'uncaughtException: FATAL ERROR: jwtPrivateKey is not defined\n' +
    'Error: FATAL ERROR: jwtPrivateKey is not defined\n' +
    '    at startupConfig (file:///D:/NodeProjects/vidly/startup/config.js:7:15)\n' +
    '    at file:///D:/NodeProjects/vidly/index.js:12:1\n' +
    '    at ModuleJob.run (node:internal/modules/esm/module_job:271:25)\n' +
    '    at async onImport.tracePromise.__proto__ (node:internal/modules/esm/loader:578:26)\n' +
    '    at async asyncRunEntryPointWithESMLoader (node:internal/modules/run_main:116:5)',
  stack: 'Error: FATAL ERROR: jwtPrivateKey is not defined\n' +
    '    at startupConfig (file:///D:/NodeProjects/vidly/startup/config.js:7:15)\n' +
    '    at file:///D:/NodeProjects/vidly/index.js:12:1\n' +
    '    at ModuleJob.run (node:internal/modules/esm/module_job:271:25)\n' +
    '    at async onImport.tracePromise.__proto__ (node:internal/modules/esm/loader:578:26)\n' +
    '    at async asyncRunEntryPointWithESMLoader (node:internal/modules/run_main:116:5)',
  exception: true,
  date: 'Thu Mar 13 2025 22:43:44 GMT+0530 (India Standard Time)',
  process: {
    pid: 24648,
    uid: null,
    gid: null,
    cwd: 'D:\\NodeProjects\\vidly',
    execPath: 'D:\\Program Files\\nodejs\\node.exe',
    version: 'v22.14.0',
    argv: [
      'D:\\Program Files\\nodejs\\node.exe',
      'D:\\NodeProjects\\vidly\\index.js'
    ],
    memoryUsage: {
      rss: 89563136,
      heapTotal: 59400192,
      heapUsed: 30338728,
      external: 20829431,
      arrayBuffers: 18262883
    }
  },
  os: { loadavg: [ 0, 0, 0 ], uptime: 174062.937 },
  trace: [
    {
      column: 15,
      file: 'file:///D:/NodeProjects/vidly/startup/config.js',
      function: 'startupConfig',
      line: 7,
      method: null,
      native: false
    },
    {
      column: 1,
      file: 'file:///D:/NodeProjects/vidly/index.js',
      function: null,
      line: 12,
      method: null,
      native: false
    },
    {
      column: 25,
      file: 'node:internal/modules/esm/module_job',
      function: 'ModuleJob.run',
      line: 271,
      method: 'run',
      native: false
    },
    {
      column: 26,
      file: 'node:internal/modules/esm/loader',
      function: 'async onImport.tracePromise.__proto__',
      line: 578,
      method: '__proto__',
      native: false
    },
    {
      column: 5,
      file: 'node:internal/modules/run_main',
      function: 'async asyncRunEntryPointWithESMLoader',
      line: 116,
      method: null,
      native: false
    }
  ]
}
{ message: 'Server started on port 3000', level: 'info' }
{ message: 'Connected to MongoDB...', level: 'info' }
{
  error: Error: FATAL ERROR: jwtPrivateKey is not defined
      at startupConfig (file:///D:/NodeProjects/vidly/startup/config.js:7:15)
      at file:///D:/NodeProjects/vidly/index.js:12:1
      at ModuleJob.run (node:internal/modules/esm/module_job:271:25)
      at async onImport.tracePromise.__proto__ (node:internal/modules/esm/loader:578:26)
      at async asyncRunEntryPointWithESMLoader (node:internal/modules/run_main:116:5),
  level: 'error',
  message: 'uncaughtException: FATAL ERROR: jwtPrivateKey is not defined\n' +
    'Error: FATAL ERROR: jwtPrivateKey is not defined\n' +
    '    at startupConfig (file:///D:/NodeProjects/vidly/startup/config.js:7:15)\n' +
    '    at file:///D:/NodeProjects/vidly/index.js:12:1\n' +
    '    at ModuleJob.run (node:internal/modules/esm/module_job:271:25)\n' +
    '    at async onImport.tracePromise.__proto__ (node:internal/modules/esm/loader:578:26)\n' +
    '    at async asyncRunEntryPointWithESMLoader (node:internal/modules/run_main:116:5)',
  stack: 'Error: FATAL ERROR: jwtPrivateKey is not defined\n' +
    '    at startupConfig (file:///D:/NodeProjects/vidly/startup/config.js:7:15)\n' +
    '    at file:///D:/NodeProjects/vidly/index.js:12:1\n' +
    '    at ModuleJob.run (node:internal/modules/esm/module_job:271:25)\n' +
    '    at async onImport.tracePromise.__proto__ (node:internal/modules/esm/loader:578:26)\n' +
    '    at async asyncRunEntryPointWithESMLoader (node:internal/modules/run_main:116:5)',
  exception: true,
  date: 'Sat Mar 15 2025 22:18:11 GMT+0530 (India Standard Time)',
  process: {
    pid: 2440,
    uid: null,
    gid: null,
    cwd: 'D:\\NodeProjects\\vidly',
    execPath: 'D:\\Program Files\\nodejs\\node.exe',
    version: 'v22.14.0',
    argv: [
      'D:\\Program Files\\nodejs\\node.exe',
      'D:\\NodeProjects\\vidly\\index.js'
    ],
    memoryUsage: {
      rss: 92602368,
      heapTotal: 59924480,
      heapUsed: 27059904,
      external: 20803948,
      arrayBuffers: 18262707
    }
  },
  os: { loadavg: [ 0, 0, 0 ], uptime: 167967.203 },
  trace: [
    {
      column: 15,
      file: 'file:///D:/NodeProjects/vidly/startup/config.js',
      function: 'startupConfig',
      line: 7,
      method: null,
      native: false
    },
    {
      column: 1,
      file: 'file:///D:/NodeProjects/vidly/index.js',
      function: null,
      line: 12,
      method: null,
      native: false
    },
    {
      column: 25,
      file: 'node:internal/modules/esm/module_job',
      function: 'ModuleJob.run',
      line: 271,
      method: 'run',
      native: false
    },
    {
      column: 26,
      file: 'node:internal/modules/esm/loader',
      function: 'async onImport.tracePromise.__proto__',
      line: 578,
      method: '__proto__',
      native: false
    },
    {
      column: 5,
      file: 'node:internal/modules/run_main',
      function: 'async asyncRunEntryPointWithESMLoader',
      line: 116,
      method: null,
      native: false
    }
  ]
}
{ message: 'Server started on port 3000', level: 'info' }
{ message: 'Connected to mongodb://localhost/vidly...', level: 'info' }
{"level":"info","message":"Server started on port 3000"}
{"level":"info","message":"Connected to mongodb://localhost/vidly..."}
{"level":"info","message":"Server started on port 3000"}
{"level":"info","message":"Connected to mongodb://localhost/vidly..."}
info: Server started on port 3000
info: Connected to mongodb://localhost/vidly...
info: Server started on port 3000
info: Connected to mongodb://localhost/vidly...
info: Server started on port 3000
info: Connected to mongodb://localhost/vidly...
info: Server started on port 3000
info: Connected to mongodb://localhost/vidly_tests...
info: Connected to mongodb://localhost/vidly_tests...
info: Connected to mongodb://localhost/vidly_tests...
info: Connected to mongodb://localhost/vidly_tests...
info: Connected to mongodb://localhost/vidly_tests...
info: Connected to mongodb://localhost/vidly_tests...
info: Connected to mongodb://localhost/vidly_tests...
info: Server started on port 3000
info: Connected to mongodb://localhost/vidly_tests...
info: Server started on port 3000
info: Connected to mongodb://localhost/vidly_tests...
info: Connected to mongodb://localhost/vidly_tests...
info: Server started on port 3000
info: Connected to mongodb://localhost/vidly_tests...
info: Connected to mongodb://localhost/vidly_tests...
info: Connected to mongodb://localhost/vidly_tests...
info: Server started on port 3000
info: Connected to mongodb://localhost/vidly_tests...
info: Connected to mongodb://localhost/vidly_tests...
info: Server started on port 3000
info: Connected to mongodb://localhost/vidly_tests...
info: Connected to mongodb://localhost/vidly_tests...
info: Server started on port 3000
info: Connected to mongodb://localhost/vidly_tests...
info: Connected to mongodb://localhost/vidly_tests...
info: Server started on port 3000
info: Connected to mongodb://localhost/vidly_tests...
info: Connected to mongodb://localhost/vidly_tests...
info: Server started on port 3000
info: Connected to mongodb://localhost/vidly_tests...
info: Connected to mongodb://localhost/vidly_tests...
info: Server started on port 3000
info: Connected to mongodb://localhost/vidly_tests...
info: Connected to mongodb://localhost/vidly_tests...
info: Server started on port 3000
info: Connected to mongodb://localhost/vidly_tests...
info: Connected to mongodb://localhost/vidly_tests...
info: Server started on port 3000
info: Connected to mongodb://localhost/vidly_tests...
info: Connected to mongodb://localhost/vidly_tests...
info: Server started on port 3000
info: Connected to mongodb://localhost/vidly_tests...
info: Connected to mongodb://localhost/vidly_tests...
info: Server started on port 3000
info: Connected to mongodb://localhost/vidly_tests...
info: Connected to mongodb://localhost/vidly_tests...
info: Server started on port 3000
info: Connected to mongodb://localhost/vidly_tests...
info: Connected to mongodb://localhost/vidly_tests...
info: Connected to mongodb://localhost/vidly_tests...
info: Server started on port 3000
info: Connected to mongodb://localhost/vidly_tests...
info: Connected to mongodb://localhost/vidly_tests...
info: Server started on port 3000
info: Connected to mongodb://localhost/vidly_tests...
info: Connected to mongodb://localhost/vidly_tests...
info: Server started on port 3000
info: Connected to mongodb://localhost/vidly_tests...
info: Connected to mongodb://localhost/vidly_tests...
info: Server started on port 3000
info: Connected to mongodb://localhost/vidly_tests...
info: Connected to mongodb://localhost/vidly_tests...
info: Connected to mongodb://localhost/vidly_tests...
info: Server started on port 3000
info: Connected to mongodb://localhost/vidly_tests...
info: Connected to mongodb://localhost/vidly_tests...
info: Connected to mongodb://localhost/vidly_tests...
info: Server started on port 3000
info: Connected to mongodb://localhost/vidly_tests...
info: Connected to mongodb://localhost/vidly_tests...
info: Server started on port 3000
info: Connected to mongodb://localhost/vidly_tests...
info: Connected to mongodb://localhost/vidly_tests...
info: Server started on port 3000
info: Connected to mongodb://localhost/vidly_tests...
info: Connected to mongodb://localhost/vidly_tests...
info: Server started on port 3000
info: Connected to mongodb://localhost/vidly_tests...
info: Connected to mongodb://localhost/vidly_tests...
info: Server started on port 3000
info: Connected to mongodb://localhost/vidly_tests...
info: Connected to mongodb://localhost/vidly_tests...
info: Connected to mongodb://localhost/vidly_tests...
info: Connected to mongodb://localhost/vidly_tests...
info: Server started on port 3000
info: Connected to mongodb://localhost/vidly_tests...
info: Connected to mongodb://localhost/vidly_tests...
info: Server started on port 3000
info: Connected to mongodb://localhost/vidly_tests...
info: Connected to mongodb://localhost/vidly_tests...
info: Server started on port 3000
info: Connected to mongodb://localhost/vidly_tests...
info: Connected to mongodb://localhost/vidly_tests...
info: Server started on port 3000
info: Connected to mongodb://localhost/vidly_tests...
info: Connected to mongodb://localhost/vidly_tests...
info: Connected to mongodb://localhost/vidly_tests...
info: Connected to mongodb://localhost/vidly_tests...
info: Connected to mongodb://localhost/vidly_tests...
info: Connected to mongodb://localhost/vidly_tests...
info: Server started on port 3000
info: Connected to mongodb://localhost/vidly_tests...
info: Connected to mongodb://localhost/vidly_tests...
info: Server started on port 3000
info: Connected to mongodb://localhost/vidly_tests...
info: Connected to mongodb://localhost/vidly_tests...
info: Connected to mongodb://localhost/vidly_tests...
info: Server started on port 3000
info: Connected to mongodb://localhost/vidly_tests...
info: Connected to mongodb://localhost/vidly_tests...
info: Server started on port 3000
info: Connected to mongodb://localhost/vidly_tests...
info: Connected to mongodb://localhost/vidly_tests...
info: Server started on port 3000
info: Connected to mongodb://localhost/vidly_tests...
info: Connected to mongodb://localhost/vidly_tests...
info: Connected to mongodb://localhost/vidly_tests...
info: Connected to mongodb://localhost/vidly_tests...
info: Server started on port 3000
info: Connected to mongodb://localhost/vidly_tests...
info: Server started on port 3000
info: Connected to mongodb://localhost/vidly_tests...
info: Connected to mongodb://localhost/vidly_tests...
info: Server started on port 3000
info: Connected to mongodb://localhost/vidly_tests...
info: Connected to mongodb://localhost/vidly_tests...
info: Server started on port 3000
info: Connected to mongodb://localhost/vidly_tests...
info: Connected to mongodb://localhost/vidly_tests...
info: Server started on port 3000
info: Connected to mongodb://localhost/vidly_tests...
info: Connected to mongodb://localhost/vidly_tests...
info: Server started on port 3000
info: Connected to mongodb://localhost/vidly_tests...
info: Connected to mongodb://localhost/vidly_tests...
info: Server started on port 3000
info: Connected to mongodb://localhost/vidly_tests...
info: Connected to mongodb://localhost/vidly_tests...
info: Server started on port 3000
info: Connected to mongodb://localhost/vidly_tests...
info: Connected to mongodb://localhost/vidly_tests...
info: Server started on port 3000
info: Connected to mongodb://localhost/vidly_tests...
info: Connected to mongodb://localhost/vidly_tests...
info: Server started on port 3000
info: Connected to mongodb://localhost/vidly_tests...
info: Connected to mongodb://localhost/vidly_tests...
info: Server started on port 3000
info: Connected to mongodb://localhost/vidly_tests...
info: Connected to mongodb://localhost/vidly_tests...
info: Server started on port 3000
info: Connected to mongodb://localhost/vidly_tests...
info: Connected to mongodb://localhost/vidly_tests...
info: Server started on port 3000
info: Connected to mongodb://localhost/vidly_tests...
info: Connected to mongodb://localhost/vidly_tests...
info: Server started on port 3000
info: Connected to mongodb://localhost/vidly_tests...
info: Connected to mongodb://localhost/vidly_tests...
info: Server started on port 3000
info: Connected to mongodb://localhost/vidly_tests...
info: Connected to mongodb://localhost/vidly_tests...
info: Connected to mongodb://localhost/vidly_tests...
info: Connected to mongodb://localhost/vidly_tests...
info: Server started on port 3000
info: Connected to mongodb://localhost/vidly_tests...
info: Server started on port 3000
info: Connected to mongodb://localhost/vidly_tests...
info: Connected to mongodb://localhost/vidly_tests...
info: Connected to mongodb://localhost/vidly_tests...
info: Server started on port 3000
info: Connected to mongodb://localhost/vidly_tests...
info: Server started on port 3000
info: Connected to mongodb://localhost/vidly_tests...
info: Connected to mongodb://localhost/vidly_tests...
info: Connected to mongodb://localhost/vidly_tests...
info: Server started on port 3000
info: Connected to mongodb://localhost/vidly_tests...
info: Server started on port 3000
info: Connected to mongodb://localhost/vidly_tests...
info: Connected to mongodb://localhost/vidly_tests...
info: Connected to mongodb://localhost/vidly_tests...
info: Server started on port 3000
info: Connected to mongodb://localhost/vidly_tests...
info: Server started on port 3000
info: Connected to mongodb://localhost/vidly_tests...
info: Connected to mongodb://localhost/vidly_tests...
info: Connected to mongodb://localhost/vidly_tests...
info: Server started on port 3000
info: Connected to mongodb://localhost/vidly_tests...
info: Server started on port 3000
info: Connected to mongodb://localhost/vidly_tests...
info: Connected to mongodb://localhost/vidly_tests...
info: Connected to mongodb://localhost/vidly_tests...
info: Server started on port 3000
info: Connected to mongodb://localhost/vidly_tests...
info: Server started on port 3000
info: Connected to mongodb://localhost/vidly_tests...
info: Connected to mongodb://localhost/vidly_tests...
info: Connected to mongodb://localhost/vidly_tests...
info: Server started on port 3000
info: Connected to mongodb://localhost/vidly_tests...
info: Server started on port 3000
info: Connected to mongodb://localhost/vidly_tests...
info: Connected to mongodb://localhost/vidly_tests...
info: Connected to mongodb://localhost/vidly_tests...
info: Server started on port 3000
info: Connected to mongodb://localhost/vidly_tests...
info: Server started on port 3000
info: Connected to mongodb://localhost/vidly_tests...
info: Connected to mongodb://localhost/vidly_tests...
info: Connected to mongodb://localhost/vidly_tests...
info: Server started on port 3000
info: Connected to mongodb://localhost/vidly_tests...
info: Server started on port 3000
info: Connected to mongodb://localhost/vidly_tests...
info: Connected to mongodb://localhost/vidly_tests...
info: Connected to mongodb://localhost/vidly_tests...
info: Server started on port 3000
info: Connected to mongodb://localhost/vidly_tests...
info: Server started on port 3000
info: Connected to mongodb://localhost/vidly_tests...
info: Connected to mongodb://localhost/vidly_tests...
info: Connected to mongodb://localhost/vidly_tests...
info: Server started on port 3000
info: Connected to mongodb://localhost/vidly_tests...
info: Server started on port 3000
info: Connected to mongodb://localhost/vidly_tests...
info: Connected to mongodb://localhost/vidly_tests...
info: Connected to mongodb://localhost/vidly_tests...
info: Server started on port 3000
info: Connected to mongodb://localhost/vidly_tests...
info: Server started on port 3000
info: Connected to mongodb://localhost/vidly_tests...
info: Connected to mongodb://localhost/vidly_tests...
info: Connected to mongodb://localhost/vidly_tests...
info: Connected to mongodb://localhost/vidly_tests...
info: Connected to mongodb://localhost/vidly_tests...
info: Server started on port 3000
info: Connected to mongodb://localhost/vidly_tests...
info: Server started on port 3000
info: Connected to mongodb://localhost/vidly_tests...
info: Connected to mongodb://localhost/vidly_tests...
info: Connected to mongodb://localhost/vidly_tests...
info: Server started on port 3000
info: Connected to mongodb://localhost/vidly_tests...
info: Server started on port 3000
info: Connected to mongodb://localhost/vidly_tests...
info: Connected to mongodb://localhost/vidly_tests...
info: Connected to mongodb://localhost/vidly_tests...
info: Server started on port 3000
info: Connected to mongodb://localhost/vidly_tests...
info: Server started on port 3000
info: Connected to mongodb://localhost/vidly_tests...
info: Connected to mongodb://localhost/vidly_tests...
info: Connected to mongodb://localhost/vidly_tests...
info: Server started on port 3000
info: Connected to mongodb://localhost/vidly_tests...
info: Server started on port 3000
info: Connected to mongodb://localhost/vidly_tests...
info: Connected to mongodb://localhost/vidly_tests...
info: Connected to mongodb://localhost/vidly_tests...
info: Server started on port 3000
info: Connected to mongodb://localhost/vidly_tests...
info: Server started on port 3000
info: Connected to mongodb://localhost/vidly_tests...
info: Connected to mongodb://localhost/vidly_tests...
info: Connected to mongodb://localhost/vidly_tests...
info: Server started on port 3000
info: Connected to mongodb://localhost/vidly_tests...
info: Server started on port 3000
info: Connected to mongodb://localhost/vidly_tests...
info: Connected to mongodb://localhost/vidly_tests...
info: Connected to mongodb://localhost/vidly_tests...
info: Server started on port 3000
info: Connected to mongodb://localhost/vidly_tests...
info: Server started on port 3000
info: Connected to mongodb://localhost/vidly_tests...
info: Connected to mongodb://localhost/vidly_tests...
info: Connected to mongodb://localhost/vidly_tests...
info: Server started on port 3000
info: Connected to mongodb://localhost/vidly_tests...
info: Server started on port 3000
info: Connected to mongodb://localhost/vidly_tests...
info: Connected to mongodb://localhost/vidly_tests...
info: Connected to mongodb://localhost/vidly_tests...
info: Server started on port 3000
info: Connected to mongodb://localhost/vidly_tests...
info: Server started on port 3000
info: Connected to mongodb://localhost/vidly_tests...
info: Connected to mongodb://localhost/vidly_tests...
info: Connected to mongodb://localhost/vidly_tests...
info: Server started on port 3000
info: Connected to mongodb://localhost/vidly_tests...
info: Server started on port 3000
info: Connected to mongodb://localhost/vidly_tests...
info: Connected to mongodb://localhost/vidly_tests...
info: Connected to mongodb://localhost/vidly_tests...
info: Server started on port 3000
info: Connected to mongodb://localhost/vidly_tests...
info: Server started on port 3000
info: Connected to mongodb://localhost/vidly_tests...
info: Server started on port 3000
info: Connected to mongodb://localhost/vidly_tests...
info: Server started on port 3000
info: Connected to mongodb://localhost/vidly_tests...
info: Connected to mongodb://localhost/vidly_tests...
info: Connected to mongodb://localhost/vidly_tests...
info: Server started on port 3000
info: Connected to mongodb://localhost/vidly_tests...
info: Server started on port 3000
info: Connected to mongodb://localhost/vidly_tests...
info: Server started on port 3000
info: Connected to mongodb://localhost/vidly_tests...
info: Server started on port 3000
info: Connected to mongodb://localhost/vidly_tests...
info: Connected to mongodb://localhost/vidly_tests...
info: Connected to mongodb://localhost/vidly_tests...
